<?xml version="1.0" encoding="UTF-8"?>
<!-- Generated by org.testng.reporters.JUnitReportReporter -->
<testsuite hostname="Unknown" failures="0" tests="1" name="Newtest.FirstRun" time="11.873" errors="0" timestamp="2023-06-15T16:27:00 BDT" skipped="0">
  <testcase classname="Newtest.FirstRun" name="firstTest" time="11.873"/>
</testsuite> <!-- Newtest.FirstRun -->
